<?xml version="1.0" encoding="UTF-8"?>
<testng-results skipped="0" failed="0" ignored="0" total="2" passed="2">
  <reporter-output>
  </reporter-output>
  <suite name="Default suite" duration-ms="102" started-at="2019-01-06T14:05:27Z" finished-at="2019-01-06T14:05:27Z">
    <groups>
      <group name="fast">
        <method signature="SimpleTest.aFastTest()[pri:0, instance:Experiment.Automation.SimpleTest@3a82f6ef]" name="aFastTest" class="Experiment.Automation.SimpleTest"/>
      </group> <!-- fast -->
      <group name="slow">
        <method signature="SimpleTest.aSlowTest()[pri:0, instance:Experiment.Automation.SimpleTest@3a82f6ef]" name="aSlowTest" class="Experiment.Automation.SimpleTest"/>
      </group> <!-- slow -->
    </groups>
    <test name="Default test" duration-ms="102" started-at="2019-01-06T14:05:27Z" finished-at="2019-01-06T14:05:27Z">
      <class name="Experiment.Automation.SimpleTest">
        <test-method status="PASS" signature="setUp()[pri:0, instance:Experiment.Automation.SimpleTest@3a82f6ef]" name="setUp" is-config="true" duration-ms="40" started-at="2019-01-06T14:05:27Z" finished-at="2019-01-06T14:05:27Z">
          <reporter-output>
          </reporter-output>
        </test-method> <!-- setUp -->
        <test-method status="PASS" signature="aFastTest()[pri:0, instance:Experiment.Automation.SimpleTest@3a82f6ef]" name="aFastTest" duration-ms="8" started-at="2019-01-06T14:05:27Z" finished-at="2019-01-06T14:05:27Z">
          <reporter-output>
          </reporter-output>
        </test-method> <!-- aFastTest -->
        <test-method status="PASS" signature="aSlowTest()[pri:0, instance:Experiment.Automation.SimpleTest@3a82f6ef]" name="aSlowTest" duration-ms="3" started-at="2019-01-06T14:05:27Z" finished-at="2019-01-06T14:05:27Z">
          <reporter-output>
          </reporter-output>
        </test-method> <!-- aSlowTest -->
      </class> <!-- Experiment.Automation.SimpleTest -->
    </test> <!-- Default test -->
  </suite> <!-- Default suite -->
</testng-results>
